--------------- Archivo generado automaticamente MDI-FORM 23/4/2023 18:21:31-----------------------

--------------- Events -------------------------
VerificarFabrica()

--------------- Queries ------------------------
SELECT * FROM Configuracion WHERE Parametro = 'CUIT' 

--------------- GlobalSettings -----------------
UsuarioId: 
EstablecimientoId: 
Establecimiento: 
RazonSocial: 
EsFabrica: False
EsAdministrador: False

--------------- Configuration -----------------
CUITEnsemble: 30712110429
NombreBaseEnsemble: ENSEMBLE
SMTP: smtp.gmail.com
MailFromAddress: contacto@luz-azul.com.ar
MailUsername: contacto@luz-azul.com.ar
MailEnableSSL: True
MailPort: 587

--------------- Exception ----------------------
La funcion verificar fabrica ha dado error
--------------- Archivo generado automaticamente MDI-FORM 23/4/2023 18:21:35-----------------------

--------------- Events -------------------------
VerificarFabrica()
LeerEntidadesMailings()
GetRazonSocial()

--------------- Queries ------------------------
SELECT * FROM Configuracion WHERE Parametro = 'CUIT' 
SELECT * FROM EntidadesMailings WHERE Defecto = 1
SELECT * FROM Configuracion WHERE Parametro = 'RazonSocial'

--------------- GlobalSettings -----------------
UsuarioId: 
EstablecimientoId: 
Establecimiento: 
RazonSocial: 
EsFabrica: False
EsAdministrador: False

--------------- Configuration -----------------
CUITEnsemble: 30712110429
NombreBaseEnsemble: ENSEMBLE
SMTP: smtp.gmail.com
MailFromAddress: contacto@luz-azul.com.ar
MailUsername: contacto@luz-azul.com.ar
MailEnableSSL: True
MailPort: 587

--------------- Exception ----------------------
La funcion Get Razon social ha dado error
