--------------- Archivo generado automaticamente MDI-FORM 23/4/2023 16:40:58-----------------------

--------------- Events -------------------------
VerificarFabrica()

--------------- Queries ------------------------
SELECT Parametro , Tipo, Valor  
                    FROM ENSEMBLE.dbo.[GWRConfiguracion]  
                    WHERE Parametro = 'EstIdDistribucion'
SELECT * FROM Configuracion WHERE Parametro = 'CUIT' 

--------------- GlobalSettings -----------------
UsuarioId: 
EstablecimientoId: 
Establecimiento: 
RazonSocial: 
EsFabrica: False
EsAdministrador: False

--------------- Configuration -----------------
CUITEnsemble: 30712110429
NombreBaseEnsemble: ENSEMBLE
SMTP: smtp.gmail.com
MailFromAddress: contacto@luz-azul.com.ar
MailUsername: contacto@luz-azul.com.ar
MailEnableSSL: True
MailPort: 587

--------------- Exception ----------------------
La funcion verificar fabrica ha dado error
